<?xml version="1.0" encoding="UTF-8"?>
<!-- Generated by org.testng.reporters.JUnitReportReporter -->
<testsuite hostname="DESKTOP-ITN6E2L" failures="0" tests="1" name="testngconcepts.PropertiesConcept" time="19.114" errors="0" timestamp="2023-04-28T16:08:55 IST" skipped="0">
  <testcase classname="testngconcepts.PropertiesConcept" name="validateloginTest" time="19.114"/>
  <system-out/>
</testsuite> <!-- testngconcepts.PropertiesConcept -->
