<?xml version="1.0" encoding="UTF-8"?>
<!-- Generated by org.testng.reporters.JUnitReportReporter -->
<testsuite hostname="DESKTOP-ITN6E2L" failures="0" tests="4" name="testngconcepts.AnnotaionConcept1" time="0.033" errors="0" timestamp="2023-04-28T10:04:22 IST" skipped="0">
  <testcase classname="testngconcepts.AnnotaionConcept1" name="logoTest" time="0.004"/>
  <system-out/>
  <testcase classname="testngconcepts.AnnotaionConcept1" name="loginTest" time="0.009"/>
  <system-out/>
  <testcase classname="testngconcepts.AnnotaionConcept1" name="logout" time="0.017"/>
  <system-out/>
  <testcase classname="testngconcepts.AnnotaionConcept1" name="linksTest" time="0.003"/>
  <system-out/>
</testsuite> <!-- testngconcepts.AnnotaionConcept1 -->
