<?xml version="1.0" encoding="UTF-8"?>
<!-- Generated by org.testng.reporters.JUnitReportReporter -->
<testsuite hostname="DESKTOP-ITN6E2L" failures="0" tests="3" name="testngconcepts.TestNGPriority" time="18.919" errors="0" timestamp="2023-05-02T17:07:54 IST" skipped="1">
  <testcase classname="testngconcepts.TestNGPriority" name="validateGmailLinkTest" time="8.213"/>
  <system-out/>
  <testcase classname="testngconcepts.TestNGPriority" name="validateGoogleLogoTest" time="10.706"/>
  <system-out/>
  <testcase classname="testngconcepts.TestNGPriority" name="validateImageLinkTest">
    <skipped/>
  </testcase> <!-- validateImageLinkTest -->
  <system-out/>
</testsuite> <!-- testngconcepts.TestNGPriority -->
