<?xml version="1.0" encoding="UTF-8"?>
<!-- Generated by org.testng.reporters.JUnitReportReporter -->
<testsuite hostname="DESKTOP-ITN6E2L" failures="0" tests="1" name="testngconcepts.TimeOutConcept" time="0.027" errors="0" timestamp="2023-04-28T10:04:22 IST" skipped="0">
  <testcase classname="testngconcepts.TimeOutConcept" name="timeoutTest" time="0.027"/>
  <system-out/>
</testsuite> <!-- testngconcepts.TimeOutConcept -->
