<?xml version="1.0" encoding="UTF-8"?>
<!-- Generated by org.testng.reporters.JUnitReportReporter -->
<testsuite hostname="DESKTOP-ITN6E2L" failures="0" tests="1" name="testngconcepts.Parametersconcept" time="17.795" errors="0" timestamp="2023-04-28T15:45:20 IST" skipped="0">
  <testcase classname="testngconcepts.Parametersconcept" name="validateloginTest" time="17.795"/>
  <system-out/>
</testsuite> <!-- testngconcepts.Parametersconcept -->
