<?xml version="1.0" encoding="UTF-8"?>
<!-- Generated by org.testng.reporters.JUnitReportReporter -->
<testsuite hostname="DESKTOP-ITN6E2L" failures="0" tests="1" name="testngconcepts.AssertionConsept" time="18.570" errors="0" timestamp="2023-04-29T08:53:44 IST" skipped="0">
  <testcase classname="testngconcepts.AssertionConsept" name="validateloginTest" time="18.570"/>
  <system-out/>
</testsuite> <!-- testngconcepts.AssertionConsept -->
