<?xml version="1.0" encoding="UTF-8"?>
<!-- Generated by org.testng.reporters.JUnitReportReporter -->
<testsuite hostname="DESKTOP-ITN6E2L" failures="0" tests="4" name="testngconcepts.AnnotaionConcept" time="0.045" errors="0" timestamp="2023-04-26T16:36:04 IST" skipped="0">
  <testcase classname="testngconcepts.AnnotaionConcept" name="loginTest" time="0.004"/>
  <system-out/>
  <testcase classname="testngconcepts.AnnotaionConcept" name="logout" time="0.005"/>
  <system-out/>
  <testcase classname="testngconcepts.AnnotaionConcept" name="logoTest" time="0.013"/>
  <system-out/>
  <testcase classname="testngconcepts.AnnotaionConcept" name="linksTest" time="0.023"/>
  <system-out/>
</testsuite> <!-- testngconcepts.AnnotaionConcept -->
