<?xml version="1.0" encoding="UTF-8"?>
<!-- Generated by org.testng.reporters.JUnitReportReporter -->
<testsuite hostname="DESKTOP-ITN6E2L" failures="0" tests="2" name="testngconcepts.LoginTest" time="0.029" errors="0" timestamp="2023-04-28T10:04:22 IST" skipped="0">
  <testcase classname="testngconcepts.LoginTest" name="logoutTest" time="0.021"/>
  <system-out/>
  <testcase classname="testngconcepts.LoginTest" name="loginTest" time="0.008"/>
  <system-out/>
</testsuite> <!-- testngconcepts.LoginTest -->
