<?xml version="1.0" encoding="UTF-8"?>
<!-- Generated by org.testng.reporters.JUnitReportReporter -->
<testsuite hostname="DESKTOP-ITN6E2L" failures="0" tests="2" name="testngconcepts.ParallerExecution" time="17.563" errors="0" timestamp="2023-05-02T17:07:54 IST" skipped="0">
  <testcase classname="testngconcepts.ParallerExecution" name="yahoorSearchTest" time="9.043"/>
  <system-out/>
  <testcase classname="testngconcepts.ParallerExecution" name="googlrSearchTest" time="8.520"/>
  <system-out/>
</testsuite> <!-- testngconcepts.ParallerExecution -->
