<?xml version="1.0" encoding="UTF-8"?>
<!-- Generated by org.testng.reporters.JUnitReportReporter -->
<testsuite hostname="DESKTOP-ITN6E2L" failures="0" tests="1" name="testngconcepts.GroupConcept" time="0.019" errors="0" timestamp="2023-04-28T14:58:21 IST" skipped="0">
  <testcase classname="testngconcepts.GroupConcept" name="validateCreatContactTest" time="0.019"/>
  <system-out/>
</testsuite> <!-- testngconcepts.GroupConcept -->
