<?xml version="1.0" encoding="UTF-8"?>
<!-- Generated by org.testng.reporters.JUnitReportReporter -->
<testsuite hostname="DESKTOP-ITN6E2L" failures="0" tests="3" name="testngconcepts.DemendsOnMethodConcept" time="0.015" errors="0" timestamp="2023-04-28T10:04:22 IST" skipped="0">
  <testcase classname="testngconcepts.DemendsOnMethodConcept" name="validateLoginTest" time="0.004"/>
  <system-out/>
  <testcase classname="testngconcepts.DemendsOnMethodConcept" name="validatecrealContactTest" time="0.007"/>
  <system-out/>
  <testcase classname="testngconcepts.DemendsOnMethodConcept" name="validateCreateCompanyTest" time="0.004"/>
  <system-out/>
</testsuite> <!-- testngconcepts.DemendsOnMethodConcept -->
